[info] Log at : 2025/6/30|18:47:59|GMT+0800

[info] Log at : 2025/6/30|18:52:21|GMT+0800

[info] Log at : 2025/6/30|19:34:34|GMT+0800

[info] Log at : 2025/6/30|19:37:14|GMT+0800

[info] Log at : 2025/6/30|21:37:17|GMT+0800

[info] Log at : 2025/6/30|21:39:35|GMT+0800

[info] Log at : 2025/6/30|21:43:26|GMT+0800

[info] Log at : 2025/7/1|08:39:35|GMT+0800

[info] Log at : 2025/7/1|08:46:34|GMT+0800

[SyntaxError: Unexpected end of JSON input
	at JSON.parse (<anonymous>)
	at F.updateCppProperties (c:\Users\16200\.trae\extensions\cl.keil-assistant-1.7.0\dist\extension.js:1:10849)
	at F.<anonymous> (c:\Users\16200\.trae\extensions\cl.keil-assistant-1.7.0\dist\extension.js:1:12579)
	at Generator.next (<anonymous>)
	at c:\Users\16200\.trae\extensions\cl.keil-assistant-1.7.0\dist\extension.js:1:4480
	at new Promise (<anonymous>)
	at r (c:\Users\16200\.trae\extensions\cl.keil-assistant-1.7.0\dist\extension.js:1:4225)
	at F.load (c:\Users\16200\.trae\extensions\cl.keil-assistant-1.7.0\dist\extension.js:1:11310)
	at w.<anonymous> (c:\Users\16200\.trae\extensions\cl.keil-assistant-1.7.0\dist\extension.js:1:8737)
	at Generator.next (<anonymous>)
	at a (c:\Users\16200\.trae\extensions\cl.keil-assistant-1.7.0\dist\extension.js:1:4282)
	at process.processTicksAndRejections (node:internal/process/task_queues:95:5)]
[info] Log at : 2025/7/1|11:13:57|GMT+0800

[info] Log at : 2025/7/1|11:18:10|GMT+0800

[info] Log at : 2025/7/1|11:19:54|GMT+0800

[info] Log at : 2025/7/1|12:07:18|GMT+0800

[info] Log at : 2025/7/1|13:40:45|GMT+0800

[info] Log at : 2025/7/1|13:57:32|GMT+0800

[info] Log at : 2025/7/1|14:34:25|GMT+0800

[info] Log at : 2025/7/1|18:51:42|GMT+0800

[info] Log at : 2025/7/1|19:33:26|GMT+0800

[info] Log at : 2025/7/1|20:33:30|GMT+0800

[info] Log at : 2025/7/1|20:40:06|GMT+0800

[info] Log at : 2025/7/1|20:49:17|GMT+0800

[info] Log at : 2025/7/1|20:49:38|GMT+0800

<<<<<<< HEAD
[info] Log at : 2025/7/2|08:42:06|GMT+0800

=======
>>>>>>> 72e0ca6 (第二个版本（添加了注释）)
[info] Log at : 2025/7/2|11:42:32|GMT+0800

[info] Log at : 2025/7/2|15:39:50|GMT+0800

[info] Log at : 2025/7/2|15:43:48|GMT+0800

[info] Log at : 2025/7/2|15:43:59|GMT+0800

[info] Log at : 2025/7/2|15:45:59|GMT+0800

[info] Log at : 2025/7/2|16:10:42|GMT+0800

[info] Log at : 2025/7/2|16:15:31|GMT+0800

[info] Log at : 2025/7/2|16:21:47|GMT+0800

[info] Log at : 2025/7/2|16:31:25|GMT+0800

[info] Log at : 2025/7/2|16:41:15|GMT+0800

[info] Log at : 2025/7/2|17:13:42|GMT+0800

[info] Log at : 2025/7/2|17:24:56|GMT+0800

[info] Log at : 2025/7/2|17:53:45|GMT+0800

[info] Log at : 2025/7/3|09:53:12|GMT+0800

[info] Log at : 2025/7/3|18:24:30|GMT+0800

[info] Log at : 2025/7/3|21:39:12|GMT+0800

[info] Log at : 2025/7/3|21:39:46|GMT+0800

[info] Log at : 2025/7/3|21:39:58|GMT+0800

[info] Log at : 2025/7/3|21:40:19|GMT+0800

[info] Log at : 2025/7/3|21:41:40|GMT+0800

[info] Log at : 2025/7/4|08:40:20|GMT+0800

[info] Log at : 2025/7/4|08:43:06|GMT+0800

[info] Log at : 2025/7/4|08:59:36|GMT+0800

[info] Log at : 2025/7/4|09:00:20|GMT+0800

[info] Log at : 2025/7/6|21:05:22|GMT+0800

[info] Log at : 2025/7/6|23:17:39|GMT+0800

[info] Log at : 2025/7/6|23:40:42|GMT+0800

[info] Log at : 2025/7/7|08:30:53|GMT+0800

[info] Log at : 2025/7/7|08:30:59|GMT+0800

[info] Log at : 2025/7/7|08:49:16|GMT+0800

[info] Log at : 2025/7/7|10:07:49|GMT+0800

[info] Log at : 2025/7/7|10:36:59|GMT+0800

[info] Log at : 2025/7/7|10:57:54|GMT+0800

[info] Log at : 2025/7/8|21:21:13|GMT+0800

[info] Log at : 2025/7/8|22:16:22|GMT+0800

[info] Log at : 2025/7/8|22:35:42|GMT+0800

[info] Log at : 2025/7/8|22:39:32|GMT+0800

[info] Log at : 2025/7/8|23:49:47|GMT+0800

[info] Log at : 2025/7/8|23:58:34|GMT+0800

[info] Log at : 2025/7/9|00:01:16|GMT+0800

[info] Log at : 2025/7/9|08:40:06|GMT+0800

[info] Log at : 2025/7/9|08:40:13|GMT+0800

